# JRE version: Java(TM) SE Runtime Environment (8.0_66-b17) (build 1.8.0_66-b17)
# Java VM: Java HotSpot(TM) 64-Bit Server VM (25.66-b17 mixed mode linux-amd64 compressed oops)
Heap:
 PSYoungGen      total 130048K, used 5089K [0x00000000d7c00000, 0x00000000e0000000, 0x0000000100000000)
  eden space 124928K, 0% used [0x00000000d7c00000,0x00000000d7c00000,0x00000000df600000)
  from space 5120K, 99% used [0x00000000df600000,0x00000000dfaf8658,0x00000000dfb00000)
  to   space 5120K, 0% used [0x00000000dfb00000,0x00000000dfb00000,0x00000000e0000000)
 ParOldGen       total 46592K, used 14040K [0x0000000087400000, 0x000000008a180000, 0x00000000d7c00000)
  object space 46592K, 30% used [0x0000000087400000,0x00000000881b6398,0x000000008a180000)
 Metaspace       used 31463K, capacity 33254K, committed 33536K, reserved 1079296K
  class space    used 4236K, capacity 4580K, committed 4608K, reserved 1048576K
GC Heap History (10 events):
Event: 0.953 GC heap after
Heap after GC invocations=1 (full 0):
 PSYoungGen      total 36352K, used 3946K [0x00000000d7c00000, 0x00000000dc300000, 0x0000000100000000)
  eden space 31232K, 0% used [0x00000000d7c00000,0x00000000d7c00000,0x00000000d9a80000)
  from space 5120K, 77% used [0x00000000d9a80000,0x00000000d9e5a8d0,0x00000000d9f80000)
  to   space 5120K, 0% used [0x00000000dbe00000,0x00000000dbe00000,0x00000000dc300000)
 ParOldGen       total 83456K, used 16K [0x0000000087400000, 0x000000008c580000, 0x00000000d7c00000)
  object space 83456K, 0% used [0x0000000087400000,0x0000000087404000,0x000000008c580000)
 Metaspace       used 8363K, capacity 8916K, committed 9216K, reserved 1056768K
  class space    used 1063K, capacity 1215K, committed 1280K, reserved 1048576K
}
Event: 1.485 GC heap before
{Heap before GC invocations=2 (full 0):
 PSYoungGen      total 36352K, used 35178K [0x00000000d7c00000, 0x00000000dc300000, 0x0000000100000000)
  eden space 31232K, 100% used [0x00000000d7c00000,0x00000000d9a80000,0x00000000d9a80000)
  from space 5120K, 77% used [0x00000000d9a80000,0x00000000d9e5a8d0,0x00000000d9f80000)
  to   space 5120K, 0% used [0x00000000dbe00000,0x00000000dbe00000,0x00000000dc300000)
 ParOldGen       total 83456K, used 16K [0x0000000087400000, 0x000000008c580000, 0x00000000d7c00000)
  object space 83456K, 0% used [0x0000000087400000,0x0000000087404000,0x000000008c580000)
 Metaspace       used 12751K, capacity 13656K, committed 13952K, reserved 1060864K
  class space    used 1631K, capacity 1825K, committed 1920K, reserved 1048576K
Event: 1.490 GC heap after
Heap after GC invocations=2 (full 0):
 PSYoungGen      total 67584K, used 5113K [0x00000000d7c00000, 0x00000000dc300000, 0x0000000100000000)
  eden space 62464K, 0% used [0x00000000d7c00000,0x00000000d7c00000,0x00000000db900000)
  from space 5120K, 99% used [0x00000000dbe00000,0x00000000dc2fe518,0x00000000dc300000)
  to   space 5120K, 0% used [0x00000000db900000,0x00000000db900000,0x00000000dbe00000)
 ParOldGen       total 83456K, used 636K [0x0000000087400000, 0x000000008c580000, 0x00000000d7c00000)
  object space 83456K, 0% used [0x0000000087400000,0x000000008749f068,0x000000008c580000)
 Metaspace       used 12751K, capacity 13656K, committed 13952K, reserved 1060864K
  class space    used 1631K, capacity 1825K, committed 1920K, reserved 1048576K
}
Event: 2.050 GC heap before
{Heap before GC invocations=3 (full 0):
 PSYoungGen      total 67584K, used 67577K [0x00000000d7c00000, 0x00000000dc300000, 0x0000000100000000)
  eden space 62464K, 100% used [0x00000000d7c00000,0x00000000db900000,0x00000000db900000)
  from space 5120K, 99% used [0x00000000dbe00000,0x00000000dc2fe518,0x00000000dc300000)
  to   space 5120K, 0% used [0x00000000db900000,0x00000000db900000,0x00000000dbe00000)
 ParOldGen       total 83456K, used 636K [0x0000000087400000, 0x000000008c580000, 0x00000000d7c00000)
  object space 83456K, 0% used [0x0000000087400000,0x000000008749f068,0x000000008c580000)
 Metaspace       used 18375K, capacity 19578K, committed 19712K, reserved 1067008K
  class space    used 2501K, capacity 2728K, committed 2816K, reserved 1048576K
Event: 2.057 GC heap after
Heap after GC invocations=3 (full 0):
 PSYoungGen      total 67584K, used 5103K [0x00000000d7c00000, 0x00000000e0000000, 0x0000000100000000)
  eden space 62464K, 0% used [0x00000000d7c00000,0x00000000d7c00000,0x00000000db900000)
  from space 5120K, 99% used [0x00000000db900000,0x00000000dbdfbdf0,0x00000000dbe00000)
  to   space 5120K, 0% used [0x00000000dfb00000,0x00000000dfb00000,0x00000000e0000000)
 ParOldGen       total 83456K, used 4050K [0x0000000087400000, 0x000000008c580000, 0x00000000d7c00000)
  object space 83456K, 4% used [0x0000000087400000,0x00000000877f4960,0x000000008c580000)
 Metaspace       used 18375K, capacity 19578K, committed 19712K, reserved 1067008K
  class space    used 2501K, capacity 2728K, committed 2816K, reserved 1048576K
}
Event: 2.150 GC heap before
{Heap before GC invocations=4 (full 0):
 PSYoungGen      total 67584K, used 23109K [0x00000000d7c00000, 0x00000000e0000000, 0x0000000100000000)
  eden space 62464K, 28% used [0x00000000d7c00000,0x00000000d8d95878,0x00000000db900000)
  from space 5120K, 99% used [0x00000000db900000,0x00000000dbdfbdf0,0x00000000dbe00000)
  to   space 5120K, 0% used [0x00000000dfb00000,0x00000000dfb00000,0x00000000e0000000)
 ParOldGen       total 83456K, used 4050K [0x0000000087400000, 0x000000008c580000, 0x00000000d7c00000)
  object space 83456K, 4% used [0x0000000087400000,0x00000000877f4960,0x000000008c580000)
 Metaspace       used 19919K, capacity 21162K, committed 21248K, reserved 1067008K
  class space    used 2729K, capacity 2988K, committed 3072K, reserved 1048576K
Event: 2.183 GC heap after
Heap after GC invocations=4 (full 0):
 PSYoungGen      total 130048K, used 5116K [0x00000000d7c00000, 0x00000000e0000000, 0x0000000100000000)
  eden space 124928K, 0% used [0x00000000d7c00000,0x00000000d7c00000,0x00000000df600000)
  from space 5120K, 99% used [0x00000000dfb00000,0x00000000dffff158,0x00000000e0000000)
  to   space 5120K, 0% used [0x00000000df600000,0x00000000df600000,0x00000000dfb00000)
 ParOldGen       total 83456K, used 5391K [0x0000000087400000, 0x000000008c580000, 0x00000000d7c00000)
  object space 83456K, 6% used [0x0000000087400000,0x0000000087943c80,0x000000008c580000)
 Metaspace       used 19919K, capacity 21162K, committed 21248K, reserved 1067008K
  class space    used 2729K, capacity 2988K, committed 3072K, reserved 1048576K
}
Event: 2.183 GC heap before
{Heap before GC invocations=5 (full 1):
 PSYoungGen      total 130048K, used 5116K [0x00000000d7c00000, 0x00000000e0000000, 0x0000000100000000)
  eden space 124928K, 0% used [0x00000000d7c00000,0x00000000d7c00000,0x00000000df600000)
  from space 5120K, 99% used [0x00000000dfb00000,0x00000000dffff158,0x00000000e0000000)
  to   space 5120K, 0% used [0x00000000df600000,0x00000000df600000,0x00000000dfb00000)
 ParOldGen       total 83456K, used 5391K [0x0000000087400000, 0x000000008c580000, 0x00000000d7c00000)
  object space 83456K, 6% used [0x0000000087400000,0x0000000087943c80,0x000000008c580000)
 Metaspace       used 19919K, capacity 21162K, committed 21248K, reserved 1067008K
  class space    used 2729K, capacity 2988K, committed 3072K, reserved 1048576K
Event: 2.239 GC heap after
Heap after GC invocations=5 (full 1):
 PSYoungGen      total 130048K, used 0K [0x00000000d7c00000, 0x00000000e0000000, 0x0000000100000000)
  eden space 124928K, 0% used [0x00000000d7c00000,0x00000000d7c00000,0x00000000df600000)
  from space 5120K, 0% used [0x00000000dfb00000,0x00000000dfb00000,0x00000000e0000000)
  to   space 5120K, 0% used [0x00000000df600000,0x00000000df600000,0x00000000dfb00000)
 ParOldGen       total 46592K, used 6242K [0x0000000087400000, 0x000000008a180000, 0x00000000d7c00000)
  object space 46592K, 13% used [0x0000000087400000,0x0000000087a189d8,0x000000008a180000)
 Metaspace       used 19919K, capacity 21162K, committed 21248K, reserved 1067008K
  class space    used 2729K, capacity 2988K, committed 3072K, reserved 1048576K
}
Event: 10.894 GC heap before
{Heap before GC invocations=6 (full 1):
 PSYoungGen      total 130048K, used 124928K [0x00000000d7c00000, 0x00000000e0000000, 0x0000000100000000)
  eden space 124928K, 100% used [0x00000000d7c00000,0x00000000df600000,0x00000000df600000)
  from space 5120K, 0% used [0x00000000dfb00000,0x00000000dfb00000,0x00000000e0000000)
  to   space 5120K, 0% used [0x00000000df600000,0x00000000df600000,0x00000000dfb00000)
 ParOldGen       total 46592K, used 6242K [0x0000000087400000, 0x000000008a180000, 0x00000000d7c00000)
  object space 46592K, 13% used [0x0000000087400000,0x0000000087a189d8,0x000000008a180000)
 Metaspace       used 31463K, capacity 33254K, committed 33536K, reserved 1079296K
  class space    used 4236K, capacity 4580K, committed 4608K, reserved 1048576K

